<?xml version="1.0" encoding="UTF-8"?>
<testsuite name="starter.CucumberTestSuite" tests="0" skipped="0" failures="0" errors="0" timestamp="1970-01-01T00:00:00" hostname="DESKTOP-7658FGJ" time="0.0">
  <properties/>
  <system-out><![CDATA[11:20:13.106 [Test worker] DEBUG net.thucydides.core.util.PropertiesFileLocalPreferences - webdriver.driver=chrome
11:20:13.109 [Test worker] DEBUG net.thucydides.core.util.PropertiesFileLocalPreferences - environments.dev.webdriver.base.url=http://wmu1.realpageaim.net
11:20:13.109 [Test worker] DEBUG net.thucydides.core.util.PropertiesFileLocalPreferences - drivers.windows.webdriver.chrome.driver=src/test/resources/webdriver/windows/chromedriver.exe
11:20:13.110 [Test worker] DEBUG net.thucydides.core.util.PropertiesFileLocalPreferences - drivers.linux.webdriver.gecko.driver=src/test/resources/webdriver/linux/geckodriver
11:20:13.110 [Test worker] DEBUG net.thucydides.core.util.PropertiesFileLocalPreferences - environments.staging.webdriver.base.url=http://wmu1.realpageaim.net
11:20:13.110 [Test worker] DEBUG net.thucydides.core.util.PropertiesFileLocalPreferences - environments.default.webdriver.base.url=http://wmu1.realpageaim.net
11:20:13.110 [Test worker] DEBUG net.thucydides.core.util.PropertiesFileLocalPreferences - chrome.capabilities.unexpectedAlertBehaviour=ignore
11:20:13.110 [Test worker] DEBUG net.thucydides.core.util.PropertiesFileLocalPreferences - drivers.linux.webdriver.chrome.driver=src/test/resources/webdriver/linux/chromedriver
11:20:13.110 [Test worker] DEBUG net.thucydides.core.util.PropertiesFileLocalPreferences - drivers.mac.webdriver.gecko.driver=src/test/resources/webdriver/mac/geckodriver
11:20:13.111 [Test worker] DEBUG net.thucydides.core.util.PropertiesFileLocalPreferences - drivers.windows.webdriver.gecko.driver=src/test/resources/webdriver/windows/geckodriver.exe
11:20:13.111 [Test worker] DEBUG net.thucydides.core.util.PropertiesFileLocalPreferences - chrome.switches=--start-maximized;--test-type;--no-sandbox;--ignore-certificate-errors;\r\n                   --incognito;--disable-popup-blocking;--disable-default-apps;--disable-extensions-file-access-check;\r\n                   --disable-infobars,--disable-gpu;--disable-web-security;--allow-running-insecure-content
11:20:13.111 [Test worker] DEBUG net.thucydides.core.util.PropertiesFileLocalPreferences - drivers.mac.webdriver.chrome.driver=src/test/resources/webdriver/mac/chromedriver
11:20:13.111 [Test worker] DEBUG net.thucydides.core.util.PropertiesFileLocalPreferences - environments.prod.webdriver.base.url=http://wmu1.realpageaim.net
11:20:13.270 [Test worker] DEBUG net.thucydides.core.util.PropertiesFileLocalPreferences - webdriver.driver=chrome
11:20:13.270 [Test worker] DEBUG net.thucydides.core.util.PropertiesFileLocalPreferences - environments.dev.webdriver.base.url=http://wmu1.realpageaim.net
11:20:13.270 [Test worker] DEBUG net.thucydides.core.util.PropertiesFileLocalPreferences - drivers.windows.webdriver.chrome.driver=src/test/resources/webdriver/windows/chromedriver.exe
11:20:13.270 [Test worker] DEBUG net.thucydides.core.util.PropertiesFileLocalPreferences - drivers.linux.webdriver.gecko.driver=src/test/resources/webdriver/linux/geckodriver
11:20:13.270 [Test worker] DEBUG net.thucydides.core.util.PropertiesFileLocalPreferences - environments.staging.webdriver.base.url=http://wmu1.realpageaim.net
11:20:13.270 [Test worker] DEBUG net.thucydides.core.util.PropertiesFileLocalPreferences - environments.default.webdriver.base.url=http://wmu1.realpageaim.net
11:20:13.270 [Test worker] DEBUG net.thucydides.core.util.PropertiesFileLocalPreferences - chrome.capabilities.unexpectedAlertBehaviour=ignore
11:20:13.270 [Test worker] DEBUG net.thucydides.core.util.PropertiesFileLocalPreferences - drivers.linux.webdriver.chrome.driver=src/test/resources/webdriver/linux/chromedriver
11:20:13.271 [Test worker] DEBUG net.thucydides.core.util.PropertiesFileLocalPreferences - drivers.mac.webdriver.gecko.driver=src/test/resources/webdriver/mac/geckodriver
11:20:13.271 [Test worker] DEBUG net.thucydides.core.util.PropertiesFileLocalPreferences - drivers.windows.webdriver.gecko.driver=src/test/resources/webdriver/windows/geckodriver.exe
11:20:13.271 [Test worker] DEBUG net.thucydides.core.util.PropertiesFileLocalPreferences - chrome.switches=--start-maximized;--test-type;--no-sandbox;--ignore-certificate-errors;\r\n                   --incognito;--disable-popup-blocking;--disable-default-apps;--disable-extensions-file-access-check;\r\n                   --disable-infobars,--disable-gpu;--disable-web-security;--allow-running-insecure-content
11:20:13.271 [Test worker] DEBUG net.thucydides.core.util.PropertiesFileLocalPreferences - drivers.mac.webdriver.chrome.driver=src/test/resources/webdriver/mac/chromedriver
11:20:13.271 [Test worker] DEBUG net.thucydides.core.util.PropertiesFileLocalPreferences - environments.prod.webdriver.base.url=http://wmu1.realpageaim.net
11:20:13.275 [Test worker] INFO  - 

-------------------------------------------------------------------------------------
     _______. _______ .______       _______ .__   __.  __  .___________.____    ____ 
    /       ||   ____||   _  \     |   ____||  \ |  | |  | |           |\   \  /   / 
   |   (----`|  |__   |  |_)  |    |  |__   |   \|  | |  | `---|  |----` \   \/   /  
    \   \    |   __|  |      /     |   __|  |  . `  | |  |     |  |       \_    _/   
.----)   |   |  |____ |  |\  \----.|  |____ |  |\   | |  |     |  |         |  |     
|_______/    |_______|| _| `._____||_______||__| \__| |__|     |__|         |__|    
                                                                                     
 News and tutorials at http://www.serenity-bdd.info                                  
 Documentation at https://wakaleo.gitbooks.io/the-serenity-book/content/             
 Join the Serenity Community on Gitter: https://gitter.im/serenity-bdd/serenity-core 
 Serenity BDD Support and Training at http://serenity-bdd.info/#/trainingandsupport  
 Learn Serenity BDD online at https://www.serenitydojo.net                           
-------------------------------------------------------------------------------------

11:20:13.279 [Test worker] DEBUG net.thucydides.core.steps.StepEventBus - Test suite started for story net.thucydides.core.model.Story@e6f768b0
11:20:13.282 [Test worker] INFO  - Test Suite Started: User can log in account
11:20:24.440 [Test worker] INFO  - 
        __    _____ _____ ____ _____   ____   _    ____  ____  _____ ____  
  _     \ \  |_   _| ____/ ___|_   _| |  _ \ / \  / ___|/ ___|| ____|  _ \ 
 (_)_____| |   | | |  _| \___ \ | |   | |_) / _ \ \___ \\___ \|  _| | | | |
  _|_____| |   | | | |___ ___) || |   |  __/ ___ \ ___) |___) | |___| |_| |
 (_)     | |   |_| |_____|____/ |_|   |_| /_/   \_\____/|____/|_____|____/ 
        /_/                                                                

User can log in account
----------------------------------------------------------------------------
11:20:24.444 [Test worker] DEBUG net.thucydides.core.reports.ReportService - Reporting formats: [JSON, HTML]
11:20:24.505 [Test worker] DEBUG net.thucydides.core.reports.ReportService - Reporting formats: [JSON, HTML]
11:20:24.517 [Test worker] DEBUG net.thucydides.core.reports.ReportService - Generating reports for 1 test outcomes using: net.thucydides.core.reports.json.JSONTestOutcomeReporter@50637dbc
11:20:24.518 [pool-1-thread-1] DEBUG net.thucydides.core.reports.ReportService - Processing test outcome User can log in account:User can log in account
11:20:24.518 [pool-1-thread-1] DEBUG net.thucydides.core.reports.ReportService - net.thucydides.core.reports.json.JSONTestOutcomeReporter@50637dbc: Generating report for test outcome: User can log in account:User can log in account
11:20:24.521 [pool-1-thread-1] DEBUG net.thucydides.core.reports.json.JSONTestOutcomeReporter - Generating JSON report for User can log in account to file C:\Users\Dmeza\Desktop\venkireposity\target\site\serenity\07bdd8100e5b6d371bc5f8eab23cf08d8cf954e25d6a91829edf3390f9d6471a.json (using temp file C:\Users\Dmeza\Desktop\venkireposity\target\site\serenity\07bdd8100e5b6d371bc5f8eab23cf08d8cf954e25d6a91829edf3390f9d6471a.jsona88579c3-a475-4d10-856f-92f779ee5baf)
11:20:24.547 [pool-1-thread-1] DEBUG net.thucydides.core.reports.ReportService - Processing test outcome User can log in account:User can log in account done
11:20:24.548 [Test worker] DEBUG net.thucydides.core.reports.ReportService - Shutting down executor service
11:20:24.548 [Test worker] DEBUG net.thucydides.core.reports.ReportService - Reports generated in: 31 ms
11:20:24.549 [Test worker] DEBUG net.thucydides.core.reports.ReportService - Generating reports for 1 test outcomes using: net.thucydides.core.reports.html.HtmlAcceptanceTestReporter@4c8cbc09
11:20:24.549 [pool-2-thread-1] DEBUG net.thucydides.core.reports.ReportService - Processing test outcome User can log in account:User can log in account
11:20:24.549 [pool-2-thread-1] DEBUG net.thucydides.core.reports.ReportService - net.thucydides.core.reports.html.HtmlAcceptanceTestReporter@4c8cbc09: Generating report for test outcome: User can log in account:User can log in account
11:20:24.549 [pool-2-thread-1] DEBUG net.thucydides.core.reports.html.HtmlAcceptanceTestReporter - GENERATE TEST OUTCOME REPORT FOR User can log in account in 07bdd8100e5b6d371bc5f8eab23cf08d8cf954e25d6a91829edf3390f9d6471a
11:20:24.564 [pool-2-thread-1] DEBUG net.thucydides.core.requirements.RequirementsTagProvider -  found:[Requirement{name='User can log in account', type='feature' parent = 'null', cardNumber='null'}]
11:20:24.568 [pool-2-thread-1] DEBUG net.thucydides.core.requirements.BaseRequirementsService - Requirement found for test outcome User can log in account-[]: Optional[Requirement{name='User can log in account', type='feature' parent = 'null', cardNumber='null'}]
11:20:24.570 [pool-2-thread-1] DEBUG net.thucydides.core.requirements.BaseRequirementsService - Requirement found for test outcome User can log in account-[]: Optional[Requirement{name='User can log in account', type='feature' parent = 'null', cardNumber='null'}]
11:20:24.619 [pool-2-thread-1] DEBUG net.thucydides.core.requirements.BaseRequirementsService - Requirement found for test outcome User can log in account-[]: Optional[Requirement{name='User can log in account', type='feature' parent = 'null', cardNumber='null'}]
11:20:24.620 [pool-2-thread-1] DEBUG net.thucydides.core.requirements.BaseRequirementsService - Requirement found for test outcome User can log in account-[]: Optional[Requirement{name='User can log in account', type='feature' parent = 'null', cardNumber='null'}]
11:20:24.622 [pool-2-thread-1] DEBUG net.thucydides.core.reports.html.HtmlAcceptanceTestReporter - Generating report in 07bdd8100e5b6d371bc5f8eab23cf08d8cf954e25d6a91829edf3390f9d6471a_screenshots.html
11:20:24.946 [pool-2-thread-1] DEBUG net.thucydides.core.reports.html.HtmlAcceptanceTestReporter - Generated report 07bdd8100e5b6d371bc5f8eab23cf08d8cf954e25d6a91829edf3390f9d6471a_screenshots.html in 324 ms
11:20:24.947 [pool-2-thread-1] DEBUG net.thucydides.core.reports.html.HtmlAcceptanceTestReporter - GENERATING HTML REPORT FOR User can log in account:User can log in account in 07bdd8100e5b6d371bc5f8eab23cf08d8cf954e25d6a91829edf3390f9d6471a.html in directory C:\Users\Dmeza\Desktop\venkireposity\target\site\serenity  
11:20:25.251 [pool-2-thread-1] DEBUG net.thucydides.core.reports.html.HtmlAcceptanceTestReporter - Generating report in 07bdd8100e5b6d371bc5f8eab23cf08d8cf954e25d6a91829edf3390f9d6471a.html
11:20:25.435 [pool-2-thread-1] DEBUG net.thucydides.core.reports.html.HtmlAcceptanceTestReporter - Generated report 07bdd8100e5b6d371bc5f8eab23cf08d8cf954e25d6a91829edf3390f9d6471a.html in 184 ms
11:20:25.435 [pool-2-thread-1] DEBUG net.thucydides.core.reports.ReportService - Processing test outcome User can log in account:User can log in account done
11:20:25.436 [Test worker] DEBUG net.thucydides.core.reports.ReportService - Shutting down executor service
11:20:25.436 [Test worker] DEBUG net.thucydides.core.reports.ReportService - Reports generated in: 887 ms
11:20:25.554 [Test worker] DEBUG net.serenitybdd.core.photography.Darkroom - Closing darkroom
11:20:25.554 [Darkroom Processing Line] DEBUG net.serenitybdd.core.photography.DarkroomProcessingLine - Darkroom processing line shutting down
]]></system-out>
  <system-err><![CDATA[Nov 26, 2020 11:20:13 AM cucumber.runtime.java.ObjectFactoryLoader loadSingleObjectFactory
WARNING: Loading deprecated ObjectFactory from runtime via reflection: cucumber.runtime.SerenityObjectFactory
]]></system-err>
</testsuite>
